 
****************************************
Report : power
        -analysis_effort low
Design : round_robin_arbiter
Version: T-2022.03-SP5
Date   : Tue Oct  1 12:42:56 2024
****************************************


Library(s) Used:

    saed32rvt_tt1p05v25c (File: /home/student/cadWorkDir/synopsys/1BM21EC122/Course_work/EDK/saed32rvt/saed32rvt_tt1p05v25c.db)


Operating Conditions: tt1p05v25c   Library: saed32rvt_tt1p05v25c
Wire Load Model Mode: enclosed

Design        Wire Load Model            Library
------------------------------------------------
round_robin_arbiter    ForQA             saed32rvt_tt1p05v25c


Global Operating Voltage = 1.05 
Power-specific unit information :
    Voltage Units = 1V
    Capacitance Units = 1.000000ff
    Time Units = 1ns
    Dynamic Power Units = 1uW    (derived from V,C,T units)
    Leakage Power Units = 1pW


Attributes
----------
i - Including register clock pin internal power


  Cell Internal Power  =   6.0325 uW   (95%)
  Net Switching Power  = 303.9201 nW    (5%)
                         ---------
Total Dynamic Power    =   6.3364 uW  (100%)

Cell Leakage Power     =  10.2896 uW


                 Internal         Switching           Leakage            Total
Power Group      Power            Power               Power              Power   (   %    )  Attrs
--------------------------------------------------------------------------------------------------
io_pad             0.0000            0.0000            0.0000            0.0000  (   0.00%)
memory             0.0000            0.0000            0.0000            0.0000  (   0.00%)
black_box          0.0000            0.0000            0.0000            0.0000  (   0.00%)
clock_network      5.5202            0.0000            0.0000            5.5202  (  33.20%)  i
register           0.1632            0.1492        7.8671e+06            8.1796  (  49.20%)
sequential         0.0000            0.0000            0.0000            0.0000  (   0.00%)
combinational      0.3491            0.1547        2.4225e+06            2.9263  (  17.60%)
--------------------------------------------------------------------------------------------------
Total              6.0325 uW         0.3039 uW     1.0290e+07 pW        16.6260 uW
1
